The target system is: Generic -  - cortex-m33+nofp
The host system is: Linux - 5.15.133.1-microsoft-standard-WSL2 - x86_64
Compiling the C compiler identification source file "CMakeCCompilerId.c" succeeded.
Compiler: /usr/bin/clang-16 
Build flags: -mcpu=cortex-m33+nofp;-I/usr/bin/gcc-arm-none-eabi-10.3-2021.10/arm-none-eabi/include
Id flags:  

The output was:
0
clang: warning: argument unused during compilation: '-mcpu=cortex-m33+nofp' [-Wunused-command-line-argument]


Compilation of the C compiler identification source "CMakeCCompilerId.c" produced "a.out"

The C compiler identification is Clang, found in "/home/han/srtp/tfm_freertos_aslr/tfm_freeRTOS/CMakeFiles/3.16.3/CompilerIdC/a.out"

Compiling the CXX compiler identification source file "CMakeCXXCompilerId.cpp" succeeded.
Compiler: /usr/bin/clang++-16 
Build flags: -mcpu=cortex-m33+nofp;-I/usr/bin/gcc-arm-none-eabi-10.3-2021.10/arm-none-eabi/include
Id flags:  

The output was:
0
clang: warning: argument unused during compilation: '-mcpu=cortex-m33+nofp' [-Wunused-command-line-argument]


Compilation of the CXX compiler identification source "CMakeCXXCompilerId.cpp" produced "a.out"

The CXX compiler identification is Clang, found in "/home/han/srtp/tfm_freertos_aslr/tfm_freeRTOS/CMakeFiles/3.16.3/CompilerIdCXX/a.out"

Checking whether the ASM compiler is Clang using "--version" matched "(clang version)":
Ubuntu clang version 16.0.6 (++20231112100455+7cbf1a259152-1~exp1~20231112100542.106)
Target: x86_64-pc-linux-gnu
Thread model: posix
InstalledDir: /usr/bin
